make all --print-data-base --no-builtin-variables --no-builtin-rules --question
# GNU Make 3.81
# Copyright (C) 2006  Free Software Foundation, Inc.
# This is free software; see the source for copying conditions.
# There is NO warranty; not even for MERCHANTABILITY or FITNESS FOR A
# PARTICULAR PURPOSE.

# This program built for i386-apple-darwin11.3.0
 

# Make data base, printed on Thu Aug 25 22:44:55 2022

# Variables

# automatic
<D = $(patsubst %/,%,$(dir $<))
# automatic
?F = $(notdir $?)
# automatic
?D = $(patsubst %/,%,$(dir $?))
# automatic
@D = $(patsubst %/,%,$(dir $@))
# automatic
@F = $(notdir $@)
# makefile
CURDIR := /Users/atarchou/Desktop/parsing-minishell
# makefile
SHELL = /bin/sh
# environment
VSCODE_NLS_CONFIG = {"locale":"en-us","availableLanguages":{},"_languagePackSupport":true}
# environment
_ = /usr/bin/make
# makefile (from `Makefile', line 1)
MAKEFILE_LIST :=  Makefile
# environment
VSCODE_CWD = /
# environment
Apple_PubSub_Socket_Render = /private/tmp/com.apple.launchd.S3UWeDosJ9/Render
# environment
PATH = /usr/local/bin:/usr/bin:/bin:/usr/sbin:/sbin:/usr/local/munki
# environment
LSCOLORS = Gxfxcxdxbxegedabagacad
# environment
ELECTRON_RUN_AS_NODE = 1
# default
.FEATURES := target-specific order-only second-expansion else-if archives jobserver check-symlink
# environment
SSH_AUTH_SOCK = /private/tmp/com.apple.launchd.Z534dTq2J4/Listeners
# automatic
%F = $(notdir $%)
# environment
PWD = /Users/atarchou/Desktop/parsing-minishell
# environment
ORIGINAL_XDG_CURRENT_DESKTOP = undefined
# environment
VSCODE_AMD_ENTRYPOINT = vs/workbench/api/node/extensionHostProcess
# environment
HOME = /Users/atarchou
# default
MAKEFILEPATH := /Applications/Xcode.app/Contents/Developer/Makefiles
# environment
VSCODE_CODE_CACHE_PATH = /Users/atarchou/Library/Application Support/Code/CachedData/e4503b30fc78200f846c62cf8091b76ff5547662
# environment
LOGNAME = atarchou
# environment
APPLICATION_INSIGHTS_NO_DIAGNOSTIC_CHANNEL = true
# environment
ZSH = /Users/atarchou/.oh-my-zsh
# environment
VSCODE_HANDLES_UNCAUGHT_ERRORS = true
# automatic
^D = $(patsubst %/,%,$(dir $^))
# environment
XPC_FLAGS = 0x0
# default
MAKE = $(MAKE_COMMAND)
# default
MAKECMDGOALS := all
# makefile (from `Makefile', line 17)
SRCS = parser/cmd.c parser/env_expand.c parser/env_expand1.c parser/help_func.c parser/help_func1.c parser/lexer.c parser/quotes.c parser/redir.c parser/token.c parser/line_validation.c parser/signals.c parser/libft_func.c parser/libft_func2.c parser/free_func.c parser/redir_quote_valid.c parser/redir_quote_valid1.c main.c 
# environment
SHLVL = 1
# makefile (from `Makefile', line 14)
CC = gcc -Wall -Wextra -Werror 
# default
MAKE_VERSION := 3.81
# environment
USER = atarchou
# makefile
.DEFAULT_GOAL := minishell
# makefile (from `Makefile', line 13)
NAME = minishell
# environment
LESS = -R
# automatic
%D = $(patsubst %/,%,$(dir $%))
# default
MAKE_COMMAND := /Applications/Xcode.app/Contents/Developer/usr/bin/make
# default
.VARIABLES := 
# environment
TMPDIR = /var/folders/zz/zyxvpxvq6csfxvn_n0000j0h000484/T/
# automatic
*F = $(notdir $*)
# environment
VSCODE_IPC_HOOK = /Users/atarchou/Library/Application Support/Code/1.70.2-main.sock
# environment
MallocNanoZone = 0
# makefile
MAKEFLAGS = Rrqp
# environment
MFLAGS = -Rrqp
# automatic
*D = $(patsubst %/,%,$(dir $*))
# environment
XPC_SERVICE_NAME = com.microsoft.VSCode.1216
# automatic
+D = $(patsubst %/,%,$(dir $+))
# automatic
+F = $(notdir $+)
# environment
__CF_USER_TEXT_ENCODING = 0x1104:0x0:0x0
# default
MAKEFILES := 
# automatic
<F = $(notdir $<)
# makefile (from `Makefile', line 16)
RL_FLAGS = -L /Users/atarchou/homebrew/opt/readline/lib -I /Users/atarchou/homebrew/opt/readline/include 
# environment
PAGER = less
# environment
LC_ALL = C
# automatic
^F = $(notdir $^)
# default
SUFFIXES := 
# makefile (from `Makefile', line 15)
FLAGS = -lreadline
# default
.INCLUDE_DIRS = /usr/local/include
# environment
MAKELEVEL := 0
# environment
LANG = C
# environment
VSCODE_PID = 48685
# variable set hash-table stats:
# Load=66/1024=6%, Rehash=0, Collisions=1/100=1%

# Pattern-specific Variable Values

# No pattern-specific variable values.

# Directories

# . (device 16777227, inode 1728598): 9 files, no impossibilities.

# 9 files, no impossibilities in 1 directories.

# Implicit Rules

# No implicit rules.

# Files

# Not a target:
parser/cmd.c:
#  Implicit rule search has been done.
#  Last modified 2022-08-25 20:01:54
#  File has been updated.
#  Successfully updated.
# variable set hash-table stats:
# Load=0/32=0%, Rehash=0, Collisions=0/0=0%

# Not a target:
parser/token.c:
#  Implicit rule search has been done.
#  Last modified 2022-08-25 20:03:59
#  File has been updated.
#  Successfully updated.
# variable set hash-table stats:
# Load=0/32=0%, Rehash=0, Collisions=0/0=0%

# Not a target:
parser/help_func.c:
#  Implicit rule search has been done.
#  Last modified 2022-08-25 20:21:55
#  File has been updated.
#  Successfully updated.
# variable set hash-table stats:
# Load=0/32=0%, Rehash=0, Collisions=0/0=0%

# Not a target:
parser/libft_func.c:
#  Implicit rule search has been done.
#  Last modified 2022-08-25 20:01:54
#  File has been updated.
#  Successfully updated.
# variable set hash-table stats:
# Load=0/32=0%, Rehash=0, Collisions=0/0=0%

all: minishell
#  Phony target (prerequisite of .PHONY).
#  Command-line target.
#  Implicit rule search has not been done.
#  File does not exist.
#  File has been updated.
#  Needs to be updated (-q is set).
# variable set hash-table stats:
# Load=0/32=0%, Rehash=0, Collisions=0/7=0%

.PHONY: all clean fclean re
#  Implicit rule search has not been done.
#  Modification time never checked.
#  File has not been updated.

# Not a target:
main.c:
#  Implicit rule search has been done.
#  Last modified 2022-08-25 20:36:00
#  File has been updated.
#  Successfully updated.
# variable set hash-table stats:
# Load=0/32=0%, Rehash=0, Collisions=0/0=0%

# Not a target:
parser/help_func1.c:
#  Implicit rule search has been done.
#  Last modified 2022-08-25 20:23:09
#  File has been updated.
#  Successfully updated.
# variable set hash-table stats:
# Load=0/32=0%, Rehash=0, Collisions=0/0=0%

# Not a target:
.SUFFIXES:
#  Implicit rule search has not been done.
#  Modification time never checked.
#  File has not been updated.

# Not a target:
Makefile:
#  Implicit rule search has been done.
#  Last modified 2022-08-25 20:21:44
#  File has been updated.
#  Successfully updated.
# variable set hash-table stats:
# Load=0/32=0%, Rehash=0, Collisions=0/0=0%

minishell: parser/cmd.c parser/env_expand.c parser/env_expand1.c parser/help_func.c parser/help_func1.c parser/lexer.c parser/quotes.c parser/redir.c parser/token.c parser/line_validation.c parser/signals.c parser/libft_func.c parser/libft_func2.c parser/free_func.c parser/redir_quote_valid.c parser/redir_quote_valid1.c main.c
#  Implicit rule search has not been done.
#  Implicit/static pattern stem: `'
#  Last modified 2022-08-25 20:40:16
#  File has been updated.
#  Needs to be updated (-q is set).
# automatic
# @ := minishell
# automatic
# % := 
# automatic
# * := 
# automatic
# + := parser/cmd.c parser/env_expand.c parser/env_expand1.c parser/help_func.c parser/help_func1.c parser/lexer.c parser/quotes.c parser/redir.c parser/token.c parser/line_validation.c parser/signals.c parser/libft_func.c parser/libft_func2.c parser/free_func.c parser/redir_quote_valid.c parser/redir_quote_valid1.c main.c
# automatic
# | := 
# automatic
# < := parser/cmd.c
# automatic
# ^ := parser/cmd.c parser/env_expand.c parser/env_expand1.c parser/help_func.c parser/help_func1.c parser/lexer.c parser/quotes.c parser/redir.c parser/token.c parser/line_validation.c parser/signals.c parser/libft_func.c parser/libft_func2.c parser/free_func.c parser/redir_quote_valid.c parser/redir_quote_valid1.c main.c
# automatic
# ? := parser/env_expand1.c
# variable set hash-table stats:
# Load=8/32=25%, Rehash=0, Collisions=1/15=7%
#  commands to execute (from `Makefile', line 36):
	@stty -echoctl
	$(CC) $(SRCS) $(RL_FLAGS) $(FLAGS) -o $(NAME) 
	

# Not a target:
parser/libft_func2.c:
#  Implicit rule search has been done.
#  Last modified 2022-08-25 20:01:54
#  File has been updated.
#  Successfully updated.
# variable set hash-table stats:
# Load=0/32=0%, Rehash=0, Collisions=0/0=0%

fclean:
#  Phony target (prerequisite of .PHONY).
#  Implicit rule search has not been done.
#  File does not exist.
#  File has not been updated.
#  commands to execute (from `Makefile', line 45):
 
	rm -rf minishell
	

# Not a target:
parser/env_expand.c:
#  Implicit rule search has been done.
#  Last modified 2022-08-25 20:01:54
#  File has been updated.
#  Successfully updated.
# variable set hash-table stats:
# Load=0/32=0%, Rehash=0, Collisions=0/0=0%

# Not a target:
parser/redir_quote_valid.c:
#  Implicit rule search has been done.
#  Last modified 2022-08-25 20:20:29
#  File has been updated.
#  Successfully updated.
# variable set hash-table stats:
# Load=0/32=0%, Rehash=0, Collisions=0/0=0%

# Not a target:
.DEFAULT:
#  Implicit rule search has not been done.
#  Modification time never checked.
#  File has not been updated.

re: fclean all
#  Phony target (prerequisite of .PHONY).
#  Implicit rule search has not been done.
#  File does not exist.
#  File has not been updated.

# Not a target:
parser/redir.c:
#  Implicit rule search has been done.
#  Last modified 2022-08-25 20:01:54
#  File has been updated.
#  Successfully updated.
# variable set hash-table stats:
# Load=0/32=0%, Rehash=0, Collisions=0/0=0%

clean:
#  Phony target (prerequisite of .PHONY).
#  Implicit rule search has not been done.
#  File does not exist.
#  File has not been updated.
#  commands to execute (from `Makefile', line 42):
	rm -rf $(NAME)
	

# Not a target:
parser/lexer.c:
#  Implicit rule search has been done.
#  Last modified 2022-08-25 20:01:54
#  File has been updated.
#  Successfully updated.
# variable set hash-table stats:
# Load=0/32=0%, Rehash=0, Collisions=0/0=0%

# Not a target:
parser/quotes.c:
#  Implicit rule search has been done.
#  Last modified 2022-08-25 20:01:54
#  File has been updated.
#  Successfully updated.
# variable set hash-table stats:
# Load=0/32=0%, Rehash=0, Collisions=0/0=0%

# Not a target:
parser/env_expand1.c:
#  Implicit rule search has been done.
#  Last modified 2022-08-25 20:40:30
#  File has been updated.
#  Successfully updated.
# variable set hash-table stats:
# Load=0/32=0%, Rehash=0, Collisions=0/0=0%

# Not a target:
parser/redir_quote_valid1.c:
#  Implicit rule search has been done.
#  Last modified 2022-08-25 20:19:44
#  File has been updated.
#  Successfully updated.
# variable set hash-table stats:
# Load=0/32=0%, Rehash=0, Collisions=0/0=0%

# Not a target:
parser/line_validation.c:
#  Implicit rule search has been done.
#  Last modified 2022-08-25 20:24:31
#  File has been updated.
#  Successfully updated.
# variable set hash-table stats:
# Load=0/32=0%, Rehash=0, Collisions=0/0=0%

# Not a target:
parser/free_func.c:
#  Implicit rule search has been done.
#  Last modified 2022-08-25 20:01:54
#  File has been updated.
#  Successfully updated.
# variable set hash-table stats:
# Load=0/32=0%, Rehash=0, Collisions=0/0=0%

# Not a target:
parser/signals.c:
#  Implicit rule search has been done.
#  Last modified 2022-08-25 20:01:54
#  File has been updated.
#  Successfully updated.
# variable set hash-table stats:
# Load=0/32=0%, Rehash=0, Collisions=0/0=0%

# files hash-table stats:
# Load=26/1024=3%, Rehash=0, Collisions=0/64=0%
# VPATH Search Paths

# No `vpath' search paths.

# No general (`VPATH' variable) search path.

# # of strings in strcache: 1
# # of strcache buffers: 1
# strcache size: total = 4096 / max = 4096 / min = 4096 / avg = 4096
# strcache free: total = 4087 / max = 4087 / min = 4087 / avg = 4087

# Finished Make data base on Thu Aug 25 22:44:55 2022

 
